This is pdfTeX, Version 3.14159265-2.6-1.40.17 (MiKTeX 2.9.6100 64-bit) (preloaded format=pdflatex 2017.2.1)  1 JUN 2017 12:57
entering extended mode
**./arsip_surat/2014730004_surat_izin_cuti_studi.tex
(arsip_surat/2014730004_surat_izin_cuti_studi.tex
LaTeX2e <2016/03/31> patch level 3
Babel <3.9r> and hyphenation patterns for 75 language(s) loaded.
("C:\Program Files\MiKTeX 2.9\tex\latex\base\letter.cls"
Document Class: letter 2014/09/29 v1.2z Standard LaTeX document class
("C:\Program Files\MiKTeX 2.9\tex\latex\base\size12.clo"
File: size12.clo 2014/09/29 v1.4h Standard LaTeX file (size option)
)
\longindentation=\dimen102
\indentedwidth=\dimen103
\labelcount=\count79
)
("C:\Program Files\MiKTeX 2.9\tex\latex\geometry\geometry.sty"
Package: geometry 2010/09/12 v5.6 Page Geometry

("C:\Program Files\MiKTeX 2.9\tex\latex\graphics\keyval.sty"
Package: keyval 2014/10/28 v1.15 key=value parser (DPC)
\KV@toks@=\toks14
)
("C:\Program Files\MiKTeX 2.9\tex\generic\oberdiek\ifpdf.sty"
Package: ifpdf 2016/05/14 v3.1 Provides the ifpdf switch
)
("C:\Program Files\MiKTeX 2.9\tex\generic\oberdiek\ifvtex.sty"
Package: ifvtex 2016/05/16 v1.6 Detect VTeX and its facilities (HO)
Package ifvtex Info: VTeX not detected.
)
("C:\Program Files\MiKTeX 2.9\tex\generic\ifxetex\ifxetex.sty"
Package: ifxetex 2010/09/12 v0.6 Provides ifxetex conditional
)
\Gm@cnth=\count80
\Gm@cntv=\count81
\c@Gm@tempcnt=\count82
\Gm@bindingoffset=\dimen104
\Gm@wd@mp=\dimen105
\Gm@odd@mp=\dimen106
\Gm@even@mp=\dimen107
\Gm@layoutwidth=\dimen108
\Gm@layoutheight=\dimen109
\Gm@layouthoffset=\dimen110
\Gm@layoutvoffset=\dimen111
\Gm@dimlist=\toks15

("C:\Program Files\MiKTeX 2.9\tex\latex\geometry\geometry.cfg"))
("C:\Program Files\MiKTeX 2.9\tex\latex\mailmerge\mailmerge.sty"
Package: mailmerge 2009/09/23 v1.0 repeat amount of text merging fields

("C:\Program Files\MiKTeX 2.9\tex\latex\base\ifthen.sty"
Package: ifthen 2014/09/29 v1.1c Standard LaTeX ifthen package (DPC)
)
\MAILMtok=\toks16
\c@MAILMcount=\count83
\c@MAILMentry=\count84
)
("C:\Program Files\MiKTeX 2.9\tex\latex\changepage\changepage.sty"
Package: changepage 2009/10/20 v1.0c check page and change page layout
\c@cp@cntr=\count85
\cp@tempcnt=\count86
)
No file 2014730004_surat_izin_cuti_studi.aux.
\openout1 = `2014730004_surat_izin_cuti_studi.aux'.

LaTeX Font Info:    Checking defaults for OML/cmm/m/it on input line 6.
LaTeX Font Info:    ... okay on input line 6.
LaTeX Font Info:    Checking defaults for T1/cmr/m/n on input line 6.
LaTeX Font Info:    ... okay on input line 6.
LaTeX Font Info:    Checking defaults for OT1/cmr/m/n on input line 6.
LaTeX Font Info:    ... okay on input line 6.
LaTeX Font Info:    Checking defaults for OMS/cmsy/m/n on input line 6.
LaTeX Font Info:    ... okay on input line 6.
LaTeX Font Info:    Checking defaults for OMX/cmex/m/n on input line 6.
LaTeX Font Info:    ... okay on input line 6.
LaTeX Font Info:    Checking defaults for U/cmr/m/n on input line 6.
LaTeX Font Info:    ... okay on input line 6.
*geometry* driver: auto-detecting
*geometry* detected driver: pdftex
*geometry* verbose mode - [ preamble ] result:
* driver: pdftex
* paper: legalpaper
* layout: <same size as paper>
* layoutoffset:(h,v)=(0.0pt,0.0pt)
* modes: 
* h-part:(L,W,R)=(99.58464pt, 463.4954pt, 51.21495pt)
* v-part:(T,H,B)=(156.49014pt, 835.37294pt, 19.91692pt)
* \paperwidth=614.295pt
* \paperheight=1011.78pt
* \textwidth=463.4954pt
* \textheight=835.37294pt
* \oddsidemargin=27.31465pt
* \evensidemargin=27.31465pt
* \topmargin=27.22015pt
* \headheight=12.0pt
* \headsep=45.0pt
* \topskip=12.0pt
* \footskip=25.0pt
* \marginparwidth=90.0pt
* \marginparsep=11.0pt
* \columnsep=10.0pt
* \skip\footins=10.0pt plus 2.0pt minus 4.0pt
* \hoffset=0.0pt
* \voffset=0.0pt
* \mag=1000
* \@twocolumnfalse
* \@twosidefalse
* \@mparswitchfalse
* \@reversemarginfalse
* (1in=72.27pt=25.4mm, 1cm=28.453pt)


Underfull \hbox (badness 10000) in paragraph at lines 57--57

 []

LaTeX Font Info:    External font `cmex10' loaded for size
(Font)              <12> on input line 57.
LaTeX Font Info:    External font `cmex10' loaded for size
(Font)              <8> on input line 57.
LaTeX Font Info:    External font `cmex10' loaded for size
(Font)              <6> on input line 57.
[1

{C:/ProgramData/MiKTeX/2.9/pdftex/config/pdftex.map}]
("F:\Skripsi\Source code Skripsi\SIKSA\public\arsip_surat\2014730004_surat_izin
_cuti_studi.aux") ) 
Here is how much of TeX's memory you used:
 818 strings out of 493333
 11871 string characters out of 3139169
 71270 words of memory out of 3000000
 4391 multiletter control sequences out of 15000+200000
 6683 words of font info for 24 fonts, out of 3000000 for 9000
 1141 hyphenation exceptions out of 8191
 23i,4n,19p,332b,117s stack positions out of 5000i,500n,10000p,200000b,50000s
<C:/Program Files/MiKTeX 2.9/fonts/type1/public/amsfonts/cm/
cmbx12.pfb><C:/Program Files/MiKTeX 2.9/fonts/type1/public/amsfonts/cm/cmr12.pf
b><C:/Program Files/MiKTeX 2.9/fonts/type1/public/amsfonts/cm/cmr8.pfb>
Output written on "F:/Skripsi/Source code Skripsi/SIKSA/public/arsip_surat/2014
730004_surat_izin_cuti_studi.pdf" (1 page, 46524 bytes).
PDF statistics:
 18 PDF objects out of 1000 (max. 8388607)
 0 named destinations out of 1000 (max. 500000)
 1 words of extra memory for PDF output out of 10000 (max. 10000000)

